1615683039907	geckodriver	INFO	Listening on 127.0.0.1:52341
1615683055894	mozrunner::runner	INFO	Running command: "C:\\Program Files\\Mozilla Firefox\\firefox.exe" "--marionette" "-foreground" "-no-remote" "-profile" "C:\\Users\\Diego\\AppData\\Local\\Temp\\rust_mozprofilevUUrI2"
console.warn: SearchSettings: "get: No settings file exists, new profile?" (new Error("", "(unknown module)"))
1615683061498	Marionette	INFO	Listening on port 52349
1615683061814	Marionette	WARN	TLS certificate errors will be ignored for this session
JavaScript error: resource://activity-stream/lib/ASRouter.jsm, line 988: NS_ERROR_ILLEGAL_VALUE: Component returned failure code: 0x80070057 (NS_ERROR_ILLEGAL_VALUE) [nsIObserverService.removeObserver]
JavaScript error: resource://gre/modules/UrlClassifierListManager.jsm, line 691: TypeError: this.tablesData[table] is undefined
[Child 9000, IPC I/O Child] WARNING: pipe error: 232: file /builds/worker/checkouts/gecko/ipc/chromium/src/chrome/common/ipc_channel_win.cc:545

###!!! [Child][RunMessage] Error: Channel error: cannot send/recv


###!!! [Child][RunMessage] Error: Channel error: cannot send/recv

console.error: services.settings: 
  main/message-groups Signature failed  TypeError: NetworkError when attempting to fetch resource.
1615683069875	Marionette	INFO	Stopped listening on port 52349

###!!! [Child][RunMessage] Error: Channel closing: too late to send/recv, messages will be lost

1615683258923	geckodriver	INFO	Listening on 127.0.0.1:52444
1615683274481	mozrunner::runner	INFO	Running command: "C:\\Program Files\\Mozilla Firefox\\firefox.exe" "--marionette" "-foreground" "-no-remote" "-profile" "C:\\Users\\Diego\\AppData\\Local\\Temp\\rust_mozprofilezTMoMJ"
console.warn: SearchSettings: "get: No settings file exists, new profile?" (new Error("", "(unknown module)"))
1615683276748	Marionette	INFO	Listening on port 52452
1615683277110	Marionette	WARN	TLS certificate errors will be ignored for this session
1615683291724	Marionette	INFO	Stopped listening on port 52452

###!!! [Child][RunMessage] Error: Channel closing: too late to send/recv, messages will be lost

1615683643195	geckodriver	INFO	Listening on 127.0.0.1:52705
1615683658424	mozrunner::runner	INFO	Running command: "C:\\Program Files\\Mozilla Firefox\\firefox.exe" "--marionette" "-foreground" "-no-remote" "-profile" "C:\\Users\\Diego\\AppData\\Local\\Temp\\rust_mozprofileyj1Sxm"
console.warn: SearchSettings: "get: No settings file exists, new profile?" (new Error("", "(unknown module)"))
1615683660612	Marionette	INFO	Listening on port 52720
1615683661060	Marionette	WARN	TLS certificate errors will be ignored for this session
1615683845051	Marionette	INFO	Stopped listening on port 52720
1615683854731	geckodriver	INFO	Listening on 127.0.0.1:52902
1615683869906	mozrunner::runner	INFO	Running command: "C:\\Program Files\\Mozilla Firefox\\firefox.exe" "--marionette" "-foreground" "-no-remote" "-profile" "C:\\Users\\Diego\\AppData\\Local\\Temp\\rust_mozprofilevMHjs6"
console.warn: SearchSettings: "get: No settings file exists, new profile?" (new Error("", "(unknown module)"))
1615683872212	Marionette	INFO	Listening on port 52917
1615683872537	Marionette	WARN	TLS certificate errors will be ignored for this session
1615683901716	Marionette	INFO	Stopped listening on port 52917

###!!! [Child][RunMessage] Error: Channel closing: too late to send/recv, messages will be lost

1615683967220	geckodriver	INFO	Listening on 127.0.0.1:53024
1615683982501	mozrunner::runner	INFO	Running command: "C:\\Program Files\\Mozilla Firefox\\firefox.exe" "--marionette" "-foreground" "-no-remote" "-profile" "C:\\Users\\Diego\\AppData\\Local\\Temp\\rust_mozprofile2hLacR"
console.warn: SearchSettings: "get: No settings file exists, new profile?" (new Error("", "(unknown module)"))
1615683984702	Marionette	INFO	Listening on port 53039
1615683985129	Marionette	WARN	TLS certificate errors will be ignored for this session
console.warn: LoginRecipes: "getRecipes: falling back to a synchronous message for:" "https://teamshift-qa.crossknowledge.com"
1615684034463	Marionette	INFO	Stopped listening on port 53039
1615684068558	geckodriver	INFO	Listening on 127.0.0.1:53147
1615684083327	mozrunner::runner	INFO	Running command: "C:\\Program Files\\Mozilla Firefox\\firefox.exe" "--marionette" "-foreground" "-no-remote" "-profile" "C:\\Users\\Diego\\AppData\\Local\\Temp\\rust_mozprofileWBj04G"
console.warn: SearchSettings: "get: No settings file exists, new profile?" (new Error("", "(unknown module)"))
1615684085498	Marionette	INFO	Listening on port 53163
1615684085956	Marionette	WARN	TLS certificate errors will be ignored for this session
1615684096232	Marionette	INFO	Stopped listening on port 53163

###!!! [Child][RunMessage] Error: Channel closing: too late to send/recv, messages will be lost

1615684154192	geckodriver	INFO	Listening on 127.0.0.1:53256
1615684169107	mozrunner::runner	INFO	Running command: "C:\\Program Files\\Mozilla Firefox\\firefox.exe" "--marionette" "-foreground" "-no-remote" "-profile" "C:\\Users\\Diego\\AppData\\Local\\Temp\\rust_mozprofileSrxbYj"
console.warn: SearchSettings: "get: No settings file exists, new profile?" (new Error("", "(unknown module)"))
1615684171393	Marionette	INFO	Listening on port 53270
1615684171732	Marionette	WARN	TLS certificate errors will be ignored for this session
1615684181873	Marionette	INFO	Stopped listening on port 53270
1615684458382	geckodriver	INFO	Listening on 127.0.0.1:53486
1615684473797	mozrunner::runner	INFO	Running command: "C:\\Program Files\\Mozilla Firefox\\firefox.exe" "--marionette" "-foreground" "-no-remote" "-profile" "C:\\Users\\Diego\\AppData\\Local\\Temp\\rust_mozprofilerGIpHj"
console.warn: SearchSettings: "get: No settings file exists, new profile?" (new Error("", "(unknown module)"))
1615684476056	Marionette	INFO	Listening on port 53501
1615684476424	Marionette	WARN	TLS certificate errors will be ignored for this session
console.warn: LoginRecipes: "getRecipes: falling back to a synchronous message for:" "https://teamshift-qa.crossknowledge.com"
1615684503943	Marionette	INFO	Stopped listening on port 53501

###!!! [Child][RunMessage] Error: Channel closing: too late to send/recv, messages will be lost

1615684517624	geckodriver	INFO	Listening on 127.0.0.1:53590
1615684532651	mozrunner::runner	INFO	Running command: "C:\\Program Files\\Mozilla Firefox\\firefox.exe" "--marionette" "-foreground" "-no-remote" "-profile" "C:\\Users\\Diego\\AppData\\Local\\Temp\\rust_mozprofile5UpuEN"
console.warn: SearchSettings: "get: No settings file exists, new profile?" (new Error("", "(unknown module)"))
1615684534962	Marionette	INFO	Listening on port 53605
1615684535279	Marionette	WARN	TLS certificate errors will be ignored for this session
console.warn: LoginRecipes: "getRecipes: falling back to a synchronous message for:" "https://teamshift-qa.crossknowledge.com"
1615684575327	Marionette	INFO	Stopped listening on port 53605

###!!! [Child][RunMessage] Error: Channel closing: too late to send/recv, messages will be lost

1615684578687	geckodriver	INFO	Listening on 127.0.0.1:53695
1615684593861	mozrunner::runner	INFO	Running command: "C:\\Program Files\\Mozilla Firefox\\firefox.exe" "--marionette" "-foreground" "-no-remote" "-profile" "C:\\Users\\Diego\\AppData\\Local\\Temp\\rust_mozprofilehlbAGF"
console.warn: SearchSettings: "get: No settings file exists, new profile?" (new Error("", "(unknown module)"))
1615684596138	Marionette	INFO	Listening on port 53713
1615684596487	Marionette	WARN	TLS certificate errors will be ignored for this session
1615684743130	Marionette	INFO	Stopped listening on port 53713

###!!! [Child][RunMessage] Error: Channel closing: too late to send/recv, messages will be lost

"--marionette" "-foreground" "-no-remote" "-profile" "C:\\Users\\Diego\\AppData\\Local\\Temp\\rust_mozprofileX959UD"
console.warn: SearchSettings: "get: No settings file exists, new profile?" (new Error("", "(unknown module)"))
1615684730728	Marionette	INFO	Listening on port 53866
1615684731046	Marionette	WARN	TLS certificate errors will be ignored for this session
1615684742420	Marionette	INFO	Stopped listening on port 53866

###!!! [Child][RunMessage] Error: Channel closing: too late to send/recv, messages will be lost

1615684796374	geckodriver	INFO	Listening on 127.0.0.1:53958
1615684811103	mozrunner::runner	INFO	Running command: "C:\\Program Files\\Mozilla Firefox\\firefox.exe" "--marionette" "-foreground" "-no-remote" "-profile" "C:\\Users\\Diego\\AppData\\Local\\Temp\\rust_mozprofileZSmsm9"
console.warn: SearchSettings: "get: No settings file exists, new profile?" (new Error("", "(unknown module)"))
1615684813400	Marionette	INFO	Listening on port 53973
1615684813733	Marionette	WARN	TLS certificate errors will be ignored for this session
1615684835153	Marionette	INFO	Stopped listening on port 53973

###!!! [Child][RunMessage] Error: Channel closing: too late to send/recv, messages will be lost

1615684924176	geckodriver	INFO	Listening on 127.0.0.1:54091
1615684939331	mozrunner::runner	INFO	Running command: "C:\\Program Files\\Mozilla Firefox\\firefox.exe" "--marionette" "-foreground" "-no-remote" "-profile" "C:\\Users\\Diego\\AppData\\Local\\Temp\\rust_mozprofile1nCJ3s"
console.warn: SearchSettings: "get: No settings file exists, new profile?" (new Error("", "(unknown module)"))
1615684941561	Marionette	INFO	Listening on port 54106
1615684941958	Marionette	WARN	TLS certificate errors will be ignored for this session
JavaScript error: resource://gre/actors/PictureInPictureChild.jsm, line 569: TypeError: this.contentWindow is null
JavaScript error: resource://gre/actors/PictureInPictureChild.jsm, line 569: TypeError: this.contentWindow is null
JavaScript error: resource://gre/actors/PictureInPictureChild.jsm, line 225: InvalidStateError: JSWindowActorChild.document getter: Cannot access property 'document' after actor 'PictureInPictureToggle' has been destroyed
JavaScript error: resource://gre/actors/PictureInPictureChild.jsm, line 299: InvalidStateError: JSWindowActorChild.contentWindow getter: Cannot access property 'contentWindow' after actor 'PictureInPictureToggle' has been destroyed
JavaScript error: resource://gre/actors/PictureInPictureChild.jsm, line 299: InvalidStateError: JSWindowActorChild.contentWindow getter: Cannot access property 'contentWindow' after actor 'PictureInPictureToggle' has been destroyed
JavaScript error: resource://gre/actors/PictureInPictureChild.jsm, line 299: InvalidStateError: JSWindowActorChild.contentWindow getter: Cannot access property 'contentWindow' after actor 'PictureInPictureToggle' has been destroyed
JavaScript error: resource://gre/actors/PictureInPictureChild.jsm, line 299: InvalidStateError: JSWindowActorChild.contentWindow getter: Cannot access property 'contentWindow' after actor 'PictureInPictureToggle' has been destroyed
JavaScript error: resource://gre/actors/PictureInPictureChild.jsm, line 299: InvalidStateError: JSWindowActorChild.contentWindow getter: Cannot access property 'contentWindow' after actor 'PictureInPictureToggle' has been destroyed
JavaScript error: resource://gre/actors/PictureInPictureChild.jsm, line 299: InvalidStateError: JSWindowActorChild.contentWindow getter: Cannot access property 'contentWindow' after actor 'PictureInPictureToggle' has been destroyed
1615685086558	Marionette	INFO	Stopped listening on port 54106

###!!! [Child][RunMessage] Error: Channel closing: too late to send/recv, messages will be lost

1615685131417	geckodriver	INFO	Listening on 127.0.0.1:54278
1615685148115	mozrunner::runner	INFO	Running command: "C:\\Program Files\\Mozilla Firefox\\firefox.exe" "--marionette" "-foreground" "-no-remote" "-profile" "C:\\Users\\Diego\\AppData\\Local\\Temp\\rust_mozprofileFmhEu0"
console.warn: SearchSettings: "get: No settings file exists, new profile?" (new Error("", "(unknown module)"))
1615685150448	Marionette	INFO	Listening on port 54295
1615685150751	Marionette	WARN	TLS certificate errors will be ignored for this session
1615685785965	Marionette	INFO	Stopped listening on port 54295

###!!! [Child][RunMessage] Error: Channel closing: too late to send/recv, messages will be lost

1615685921792	geckodriver	INFO	Listening on 127.0.0.1:54774
1615685937214	mozrunner::runner	INFO	Running command: "C:\\Program Files\\Mozilla Firefox\\firefox.exe" "--marionette" "-foreground" "-no-remote" "-profile" "C:\\Users\\Diego\\AppData\\Local\\Temp\\rust_mozprofilek3RhKE"
console.warn: SearchSettings: "get: No settings file exists, new profile?" (new Error("", "(unknown module)"))
1615685939445	Marionette	INFO	Listening on port 54790
1615685939842	Marionette	WARN	TLS certificate errors will be ignored for this session
1615685947230	Marionette	INFO	Stopped listening on port 54790

###!!! [Child][RunMessage] Error: Channel closing: too late to send/recv, messages will be lost

1615685997438	geckodriver	INFO	Listening on 127.0.0.1:54880
1615686013306	mozrunner::runner	INFO	Running command: "C:\\Program Files\\Mozilla Firefox\\firefox.exe" "--marionette" "-foreground" "-no-remote" "-profile" "C:\\Users\\Diego\\AppData\\Local\\Temp\\rust_mozprofileI89VDl"
console.warn: SearchSettings: "get: No settings file exists, new profile?" (new Error("", "(unknown module)"))
1615686018704	Marionette	INFO	Listening on port 54894
1615686019035	Marionette	WARN	TLS certificate errors will be ignored for this session
1615686062299	Marionette	INFO	Stopped listening on port 54894
JavaScript error: resource://activity-stream/lib/ASRouter.jsm, line 988: NS_ERROR_ILLEGAL_VALUE: Component returned failure code: 0x80070057 (NS_ERROR_ILLEGAL_VALUE) [nsIObserverService.removeObserver]

###!!! [Child][RunMessage] Error: Channel closing: too late to send/recv, messages will be lost

1615686172941	geckodriver	INFO	Listening on 127.0.0.1:55038
1615686187942	mozrunner::runner	INFO	Running command: "C:\\Program Files\\Mozilla Firefox\\firefox.exe" "--marionette" "-foreground" "-no-remote" "-profile" "C:\\Users\\Diego\\AppData\\Local\\Temp\\rust_mozprofilejeP9UB"
console.warn: SearchSettings: "get: No settings file exists, new profile?" (new Error("", "(unknown module)"))
1615686190368	Marionette	INFO	Listening on port 55054
1615686190576	Marionette	WARN	TLS certificate errors will be ignored for this session
1615686200996	Marionette	INFO	Stopped listening on port 55054

###!!! [Child][RunMessage] Error: Channel closing: too late to send/recv, messages will be lost

1615686264773	geckodriver	INFO	Listening on 127.0.0.1:55165
1615686279970	mozrunner::runner	INFO	Running command: "C:\\Program Files\\Mozilla Firefox\\firefox.exe" "--marionette" "-foreground" "-no-remote" "-profile" "C:\\Users\\Diego\\AppData\\Local\\Temp\\rust_mozprofilejmZew3"
console.warn: SearchSettings: "get: No settings file exists, new profile?" (new Error("", "(unknown module)"))
1615686282237	Marionette	INFO	Listening on port 55180
1615686282596	Marionette	WARN	TLS certificate errors will be ignored for this session
1615686290137	Marionette	INFO	Stopped listening on port 55180

###!!! [Child][RunMessage] Error: Channel closing: too late to send/recv, messages will be lost

1615686315696	geckodriver	INFO	Listening on 127.0.0.1:55259
1615686330525	mozrunner::runner	INFO	Running command: "C:\\Program Files\\Mozilla Firefox\\firefox.exe" "--marionette" "-foreground" "-no-remote" "-profile" "C:\\Users\\Diego\\AppData\\Local\\Temp\\rust_mozprofileehhJZy"
console.warn: SearchSettings: "get: No settings file exists, new profile?" (new Error("", "(unknown module)"))
1615686332676	Marionette	INFO	Listening on port 55273
1615686333151	Marionette	WARN	TLS certificate errors will be ignored for this session
1615686339469	Marionette	INFO	Stopped listening on port 55273

###!!! [Child][RunMessage] Error: Channel closing: too late to send/recv, messages will be lost

1615686458491	geckodriver	INFO	Listening on 127.0.0.1:55408
1615686473350	mozrunner::runner	INFO	Running command: "C:\\Program Files\\Mozilla Firefox\\firefox.exe" "--marionette" "-foreground" "-no-remote" "-profile" "C:\\Users\\Diego\\AppData\\Local\\Temp\\rust_mozprofile1GErQo"
console.warn: SearchSettings: "get: No settings file exists, new profile?" (new Error("", "(unknown module)"))
1615686475576	Marionette	INFO	Listening on port 55424
1615686475985	Marionette	WARN	TLS certificate errors will be ignored for this session
1615686486711	Marionette	INFO	Stopped listening on port 55424

###!!! [Child][RunMessage] Error: Channel closing: too late to send/recv, messages will be lost

1615686516033	geckodriver	INFO	Listening on 127.0.0.1:55510
1615686531250	mozrunner::runner	INFO	Running command: "C:\\Program Files\\Mozilla Firefox\\firefox.exe" "--marionette" "-foreground" "-no-remote" "-profile" "C:\\Users\\Diego\\AppData\\Local\\Temp\\rust_mozprofilejR5LGv"
console.warn: SearchSettings: "get: No settings file exists, new profile?" (new Error("", "(unknown module)"))
1615686533606	Marionette	INFO	Listening on port 55533
1615686533878	Marionette	WARN	TLS certificate errors will be ignored for this session
1615686543873	Marionette	INFO	Stopped listening on port 55533

###!!! [Child][RunMessage] Error: Channel closing: too late to send/recv, messages will be lost

1615686873668	geckodriver	INFO	Listening on 127.0.0.1:55772
1615686888531	mozrunner::runner	INFO	Running command: "C:\\Program Files\\Mozilla Firefox\\firefox.exe" "--marionette" "-foreground" "-no-remote" "-profile" "C:\\Users\\Diego\\AppData\\Local\\Temp\\rust_mozprofilew04HBM"
console.warn: SearchSettings: "get: No settings file exists, new profile?" (new Error("", "(unknown module)"))
1615686890814	Marionette	INFO	Listening on port 55786
1615686891157	Marionette	WARN	TLS certificate errors will be ignored for this session
1615687101735	Marionette	INFO	Stopped listening on port 55786
1615687105480	geckodriver	INFO	Listening on 127.0.0.1:55992
1615687120392	mozrunner::runner	INFO	Running command: "C:\\Program Files\\Mozilla Firefox\\firefox.exe" "--marionette" "-foreground" "-no-remote" "-profile" "C:\\Users\\Diego\\AppData\\Local\\Temp\\rust_mozprofileKUbsJA"
console.warn: SearchSettings: "get: No settings file exists, new profile?" (new Error("", "(unknown module)"))
1615687122805	Marionette	INFO	Listening on port 56007
1615687123018	Marionette	WARN	TLS certificate errors will be ignored for this session
1615688467646	Marionette	INFO	Stopped listening on port 56007

###!!! [Child][RunMessage] Error: Channel closing: too late to send/recv, messages will be lost

 command: "C:\\Program Files\\Mozilla Firefox\\firefox.exe" "--marionette" "-foreground" "-no-remote" "-profile" "C:\\Users\\Diego\\AppData\\Local\\Temp\\rust_mozprofileXBYs1o"
console.warn: SearchSettings: "get: No settings file exists, new profile?" (new Error("", "(unknown module)"))
1615687177453	Marionette	INFO	Listening on port 56108
1615687177850	Marionette	WARN	TLS certificate errors will be ignored for this session
1615688472545	Marionette	INFO	Stopped listening on port 56108

###!!! [Child][RunMessage] Error: Channel closing: too late to send/recv, messages will be lost

"--marionette" "-foreground" "-no-remote" "-profile" "C:\\Users\\Diego\\AppData\\Local\\Temp\\rust_mozprofileUOkyQi"
console.warn: SearchSettings: "get: No settings file exists, new profile?" (new Error("", "(unknown module)"))
1615687598638	Marionette	INFO	Listening on port 56424
1615687598883	Marionette	WARN	TLS certificate errors will be ignored for this session
1615687617982	Marionette	INFO	Stopped listening on port 56424

###!!! [Child][RunMessage] Error: Channel closing: too late to send/recv, messages will be lost

1615688146505	geckodriver	INFO	Listening on 127.0.0.1:56815
1615688161953	mozrunner::runner	INFO	Running command: "C:\\Program Files\\Mozilla Firefox\\firefox.exe" "--marionette" "-foreground" "-no-remote" "-profile" "C:\\Users\\Diego\\AppData\\Local\\Temp\\rust_mozprofilemBDdLN"
console.warn: SearchSettings: "get: No settings file exists, new profile?" (new Error("", "(unknown module)"))
1615688164346	Marionette	INFO	Listening on port 56832
1615688164580	Marionette	WARN	TLS certificate errors will be ignored for this session
1615688470854	Marionette	INFO	Stopped listening on port 56832

###!!! [Child][RunMessage] Error: Channel closing: too late to send/recv, messages will be lost

1615688514965	geckodriver	INFO	Listening on 127.0.0.1:57128
1615688531528	mozrunner::runner	INFO	Running command: "C:\\Program Files\\Mozilla Firefox\\firefox.exe" "--marionette" "-foreground" "-no-remote" "-profile" "C:\\Users\\Diego\\AppData\\Local\\Temp\\rust_mozprofileN0Vx6i"
console.warn: SearchSettings: "get: No settings file exists, new profile?" (new Error("", "(unknown module)"))
1615688533755	Marionette	INFO	Listening on port 57144
1615688534160	Marionette	WARN	TLS certificate errors will be ignored for this session
1615688820156	Marionette	INFO	Stopped listening on port 57144

###!!! [Child][RunMessage] Error: Channel closing: too late to send/recv, messages will be lost

"--marionette" "-foreground" "-no-remote" "-profile" "C:\\Users\\Diego\\AppData\\Local\\Temp\\rust_mozprofile0Srjrb"
console.warn: SearchSettings: "get: No settings file exists, new profile?" (new Error("", "(unknown module)"))
1615688814347	Marionette	INFO	Listening on port 57378
1615688814573	Marionette	WARN	TLS certificate errors will be ignored for this session
JavaScript error: resource://gre/actors/PictureInPictureChild.jsm, line 569: TypeError: this.contentWindow is null
JavaScript error: resource://gre/actors/PictureInPictureChild.jsm, line 225: InvalidStateError: JSWindowActorChild.document getter: Cannot access property 'document' after actor 'PictureInPictureToggle' has been destroyed
JavaScript error: resource://gre/actors/PictureInPictureChild.jsm, line 299: InvalidStateError: JSWindowActorChild.contentWindow getter: Cannot access property 'contentWindow' after actor 'PictureInPictureToggle' has been destroyed
JavaScript error: resource://gre/actors/PictureInPictureChild.jsm, line 299: InvalidStateError: JSWindowActorChild.contentWindow getter: Cannot access property 'contentWindow' after actor 'PictureInPictureToggle' has been destroyed
JavaScript error: resource://gre/actors/PictureInPictureChild.jsm, line 299: InvalidStateError: JSWindowActorChild.contentWindow getter: Cannot access property 'contentWindow' after actor 'PictureInPictureToggle' has been destroyed
1615688845282	Marionette	INFO	Stopped listening on port 57378

###!!! [Child][RunMessage] Error: Channel closing: too late to send/recv, messages will be lost

1615688890452	geckodriver	INFO	Listening on 127.0.0.1:57507
1615688905665	mozrunner::runner	INFO	Running command: "C:\\Program Files\\Mozilla Firefox\\firefox.exe" "--marionette" "-foreground" "-no-remote" "-profile" "C:\\Users\\Diego\\AppData\\Local\\Temp\\rust_mozprofileBoECz0"
console.warn: SearchSettings: "get: No settings file exists, new profile?" (new Error("", "(unknown module)"))
1615688908035	Marionette	INFO	Listening on port 57522
1615688908292	Marionette	WARN	TLS certificate errors will be ignored for this session
JavaScript error: resource://gre/actors/PictureInPictureChild.jsm, line 569: TypeError: this.contentWindow is null
JavaScript error: resource://gre/actors/PictureInPictureChild.jsm, line 225: InvalidStateError: JSWindowActorChild.document getter: Cannot access property 'document' after actor 'PictureInPictureToggle' has been destroyed
IPDL protocol error: Handler returned error code!

###!!! [Parent][DispatchAsyncMessage] Error: PMessagePort::Msg_PostMessages Processing error: message was deserialized, but the handler returned false (indicating failure)

JavaScript error: resource://gre/actors/PictureInPictureChild.jsm, line 299: InvalidStateError: JSWindowActorChild.contentWindow getter: Cannot access property 'contentWindow' after actor 'PictureInPictureToggle' has been destroyed
JavaScript error: resource://gre/actors/PictureInPictureChild.jsm, line 299: InvalidStateError: JSWindowActorChild.contentWindow getter: Cannot access property 'contentWindow' after actor 'PictureInPictureToggle' has been destroyed
JavaScript error: resource://gre/actors/PictureInPictureChild.jsm, line 299: InvalidStateError: JSWindowActorChild.contentWindow getter: Cannot access property 'contentWindow' after actor 'PictureInPictureToggle' has been destroyed
1615688930976	Marionette	INFO	Stopped listening on port 57522

###!!! [Child][RunMessage] Error: Channel closing: too late to send/recv, messages will be lost

1615688953265	geckodriver	INFO	Listening on 127.0.0.1:57618
1615688968549	mozrunner::runner	INFO	Running command: "C:\\Program Files\\Mozilla Firefox\\firefox.exe" "--marionette" "-foreground" "-no-remote" "-profile" "C:\\Users\\Diego\\AppData\\Local\\Temp\\rust_mozprofilekVc3gU"
console.warn: SearchSettings: "get: No settings file exists, new profile?" (new Error("", "(unknown module)"))
1615688970756	Marionette	INFO	Listening on port 57633
1615688971183	Marionette	WARN	TLS certificate errors will be ignored for this session
1615688986425	Marionette	INFO	Stopped listening on port 57633

###!!! [Child][RunMessage] Error: Channel closing: too late to send/recv, messages will be lost

1615689311339	geckodriver	INFO	Listening on 127.0.0.1:57759
1615689326896	mozrunner::runner	INFO	Running command: "C:\\Program Files\\Mozilla Firefox\\firefox.exe" "--marionette" "-foreground" "-no-remote" "-profile" "C:\\Users\\Diego\\AppData\\Local\\Temp\\rust_mozprofile9eJhiF"
console.warn: SearchSettings: "get: No settings file exists, new profile?" (new Error("", "(unknown module)"))
1615689329310	Marionette	INFO	Listening on port 57767
1615689329524	Marionette	WARN	TLS certificate errors will be ignored for this session
1615689356765	Marionette	INFO	Stopped listening on port 57767

###!!! [Child][RunMessage] Error: Channel closing: too late to send/recv, messages will be lost

1615689665610	geckodriver	INFO	Listening on 127.0.0.1:57850
1615689680293	mozrunner::runner	INFO	Running command: "C:\\Program Files\\Mozilla Firefox\\firefox.exe" "--marionette" "-foreground" "-no-remote" "-profile" "C:\\Users\\Diego\\AppData\\Local\\Temp\\rust_mozprofileygDd2g"
console.warn: SearchSettings: "get: No settings file exists, new profile?" (new Error("", "(unknown module)"))
1615689682647	Marionette	INFO	Listening on port 57859
1615689682921	Marionette	WARN	TLS certificate errors will be ignored for this session
1615689694857	Marionette	INFO	Stopped listening on port 57859

###!!! [Child][RunMessage] Error: Channel closing: too late to send/recv, messages will be lost

1615689718417	geckodriver	INFO	Listening on 127.0.0.1:57922
1615689733695	mozrunner::runner	INFO	Running command: "C:\\Program Files\\Mozilla Firefox\\firefox.exe" "--marionette" "-foreground" "-no-remote" "-profile" "C:\\Users\\Diego\\AppData\\Local\\Temp\\rust_mozprofilec0mO9I"
console.warn: SearchSettings: "get: No settings file exists, new profile?" (new Error("", "(unknown module)"))
1615689735961	Marionette	INFO	Listening on port 57936
1615689736329	Marionette	WARN	TLS certificate errors will be ignored for this session
1615689749904	Marionette	INFO	Stopped listening on port 57936

###!!! [Child][RunMessage] Error: Channel closing: too late to send/recv, messages will be lost

1615689922550	geckodriver	INFO	Listening on 127.0.0.1:58053
1615689937957	mozrunner::runner	INFO	Running command: "C:\\Program Files\\Mozilla Firefox\\firefox.exe" "--marionette" "-foreground" "-no-remote" "-profile" "C:\\Users\\Diego\\AppData\\Local\\Temp\\rust_mozprofiletA1byA"
console.warn: SearchSettings: "get: No settings file exists, new profile?" (new Error("", "(unknown module)"))
1615689940448	Marionette	INFO	Listening on port 58067
1615689940597	Marionette	WARN	TLS certificate errors will be ignored for this session
JavaScript error: resource://gre/actors/PictureInPictureChild.jsm, line 453: TypeError: this.contentWindow is null
JavaScript error: resource://gre/actors/PictureInPictureChild.jsm, line 569: TypeError: this.contentWindow is null
IPDL protocol error: Handler returned error code!

###!!! [Parent][DispatchAsyncMessage] Error: PMessagePort::Msg_PostMessages Processing error: message was deserialized, but the handler returned false (indicating failure)

1615689960931	Marionette	INFO	Stopped listening on port 58067
JavaScript error: resource://gre/actors/PictureInPictureChild.jsm, line 299: InvalidStateError: JSWindowActorChild.contentWindow getter: Cannot access property 'contentWindow' after actor 'PictureInPictureToggle' has been destroyed
JavaScript error: resource://gre/actors/PictureInPictureChild.jsm, line 299: InvalidStateError: JSWindowActorChild.contentWindow getter: Cannot access property 'contentWindow' after actor 'PictureInPictureToggle' has been destroyed
JavaScript error: resource://gre/actors/PictureInPictureChild.jsm, line 299: InvalidStateError: JSWindowActorChild.contentWindow getter: Cannot access property 'contentWindow' after actor 'PictureInPictureToggle' has been destroyed

###!!! [Child][RunMessage] Error: Channel closing: too late to send/recv, messages will be lost

1615689986600	geckodriver	INFO	Listening on 127.0.0.1:58159
1615690001820	mozrunner::runner	INFO	Running command: "C:\\Program Files\\Mozilla Firefox\\firefox.exe" "--marionette" "-foreground" "-no-remote" "-profile" "C:\\Users\\Diego\\AppData\\Local\\Temp\\rust_mozprofileEq3quR"
console.warn: SearchSettings: "get: No settings file exists, new profile?" (new Error("", "(unknown module)"))
1615690004075	Marionette	INFO	Listening on port 58174
1615690004445	Marionette	WARN	TLS certificate errors will be ignored for this session
JavaScript error: resource://gre/actors/PictureInPictureChild.jsm, line 569: TypeError: this.contentWindow is null
JavaScript error: resource://gre/actors/PictureInPictureChild.jsm, line 225: InvalidStateError: JSWindowActorChild.document getter: Cannot access property 'document' after actor 'PictureInPictureToggle' has been destroyed
IPDL protocol error: Handler returned error code!

###!!! [Parent][DispatchAsyncMessage] Error: PMessagePort::Msg_PostMessages Processing error: message was deserialized, but the handler returned false (indicating failure)

1615690056156	Marionette	INFO	Stopped listening on port 58174
JavaScript error: resource://gre/actors/PictureInPictureChild.jsm, line 299: InvalidStateError: JSWindowActorChild.contentWindow getter: Cannot access property 'contentWindow' after actor 'PictureInPictureToggle' has been destroyed
JavaScript error: resource://gre/actors/PictureInPictureChild.jsm, line 299: InvalidStateError: JSWindowActorChild.contentWindow getter: Cannot access property 'contentWindow' after actor 'PictureInPictureToggle' has been destroyed
JavaScript error: resource://gre/actors/PictureInPictureChild.jsm, line 299: InvalidStateError: JSWindowActorChild.contentWindow getter: Cannot access property 'contentWindow' after actor 'PictureInPictureToggle' has been destroyed

###!!! [Child][RunMessage] Error: Channel closing: too late to send/recv, messages will be lost

1615690155865	geckodriver	INFO	Listening on 127.0.0.1:58323
1615690171213	mozrunner::runner	INFO	Running command: "C:\\Program Files\\Mozilla Firefox\\firefox.exe" "--marionette" "-foreground" "-no-remote" "-profile" "C:\\Users\\Diego\\AppData\\Local\\Temp\\rust_mozprofile3ERXqs"
console.warn: SearchSettings: "get: No settings file exists, new profile?" (new Error("", "(unknown module)"))
1615690173678	Marionette	INFO	Listening on port 58338
1615690173841	Marionette	WARN	TLS certificate errors will be ignored for this session
JavaScript error: resource://gre/actors/PictureInPictureChild.jsm, line 569: TypeError: this.contentWindow is null
JavaScript error: resource://gre/actors/PictureInPictureChild.jsm, line 225: InvalidStateError: JSWindowActorChild.document getter: Cannot access property 'document' after actor 'PictureInPictureToggle' has been destroyed
IPDL protocol error: Handler returned error code!

###!!! [Parent][DispatchAsyncMessage] Error: PMessagePort::Msg_PostMessages Processing error: message was deserialized, but the handler returned false (indicating failure)

JavaScript error: resource://gre/actors/PictureInPictureChild.jsm, line 299: InvalidStateError: JSWindowActorChild.contentWindow getter: Cannot access property 'contentWindow' after actor 'PictureInPictureToggle' has been destroyed
JavaScript error: resource://gre/actors/PictureInPictureChild.jsm, line 299: InvalidStateError: JSWindowActorChild.contentWindow getter: Cannot access property 'contentWindow' after actor 'PictureInPictureToggle' has been destroyed
JavaScript error: resource://gre/actors/PictureInPictureChild.jsm, line 299: InvalidStateError: JSWindowActorChild.contentWindow getter: Cannot access property 'contentWindow' after actor 'PictureInPictureToggle' has been destroyed
1615690204172	Marionette	INFO	Stopped listening on port 58338

###!!! [Child][RunMessage] Error: Channel closing: too late to send/recv, messages will be lost

1615690246954	geckodriver	INFO	Listening on 127.0.0.1:58441
1615690262280	mozrunner::runner	INFO	Running command: "C:\\Program Files\\Mozilla Firefox\\firefox.exe" "--marionette" "-foreground" "-no-remote" "-profile" "C:\\Users\\Diego\\AppData\\Local\\Temp\\rust_mozprofileAwxqts"
console.warn: SearchSettings: "get: No settings file exists, new profile?" (new Error("", "(unknown module)"))
1615690264656	Marionette	INFO	Listening on port 58456
1615690264910	Marionette	WARN	TLS certificate errors will be ignored for this session
JavaScript error: resource://gre/actors/PictureInPictureChild.jsm, line 453: TypeError: this.contentWindow is null
JavaScript error: resource://gre/actors/PictureInPictureChild.jsm, line 569: TypeError: this.contentWindow is null
IPDL protocol error: Handler returned error code!

###!!! [Parent][DispatchAsyncMessage] Error: PMessagePort::Msg_PostMessages Processing error: message was deserialized, but the handler returned false (indicating failure)

1615690283983	Marionette	INFO	Stopped listening on port 58456
JavaScript error: resource://gre/actors/PictureInPictureChild.jsm, line 299: InvalidStateError: JSWindowActorChild.contentWindow getter: Cannot access property 'contentWindow' after actor 'PictureInPictureToggle' has been destroyed
JavaScript error: resource://gre/actors/PictureInPictureChild.jsm, line 299: InvalidStateError: JSWindowActorChild.contentWindow getter: Cannot access property 'contentWindow' after actor 'PictureInPictureToggle' has been destroyed
JavaScript error: resource://gre/actors/PictureInPictureChild.jsm, line 299: InvalidStateError: JSWindowActorChild.contentWindow getter: Cannot access property 'contentWindow' after actor 'PictureInPictureToggle' has been destroyed
JavaScript error: resource://gre/actors/PictureInPictureChild.jsm, line 299: InvalidStateError: JSWindowActorChild.contentWindow getter: Cannot access property 'contentWindow' after actor 'PictureInPictureToggle' has been destroyed

###!!! [Child][RunMessage] Error: Channel closing: too late to send/recv, messages will be lost

1615726439739	geckodriver	INFO	Listening on 127.0.0.1:60466
1615726455638	mozrunner::runner	INFO	Running command: "C:\\Program Files\\Mozilla Firefox\\firefox.exe" "--marionette" "-foreground" "-no-remote" "-profile" "C:\\Users\\Diego\\AppData\\Local\\Temp\\rust_mozprofileBTO2Af"
console.warn: SearchSettings: "get: No settings file exists, new profile?" (new Error("", "(unknown module)"))
1615726458927	Marionette	INFO	Listening on port 60474
1615726459280	Marionette	WARN	TLS certificate errors will be ignored for this session
JavaScript error: resource://gre/actors/PictureInPictureChild.jsm, line 453: TypeError: this.contentWindow is null
JavaScript error: resource://gre/actors/PictureInPictureChild.jsm, line 569: TypeError: this.contentWindow is null
1615726474047	Marionette	INFO	Stopped listening on port 60474
JavaScript error: resource://gre/actors/PictureInPictureChild.jsm, line 299: InvalidStateError: JSWindowActorChild.contentWindow getter: Cannot access property 'contentWindow' after actor 'PictureInPictureToggle' has been destroyed
JavaScript error: resource://gre/actors/PictureInPictureChild.jsm, line 299: InvalidStateError: JSWindowActorChild.contentWindow getter: Cannot access property 'contentWindow' after actor 'PictureInPictureToggle' has been destroyed
JavaScript error: resource://gre/actors/PictureInPictureChild.jsm, line 299: InvalidStateError: JSWindowActorChild.contentWindow getter: Cannot access property 'contentWindow' after actor 'PictureInPictureToggle' has been destroyed

###!!! [Child][RunMessage] Error: Channel closing: too late to send/recv, messages will be lost

1615813837256	geckodriver	INFO	Listening on 127.0.0.1:53145
1615813963163	geckodriver	INFO	Listening on 127.0.0.1:53195
1615814002136	mozrunner::runner	INFO	Running command: "C:\\Program Files\\Mozilla Firefox\\firefox.exe" "--marionette" "-foreground" "-no-remote" "-profile" "C:\\Users\\Diego\\AppData\\Local\\Temp\\rust_mozprofileJrAtho"
console.warn: SearchSettings: "get: No settings file exists, new profile?" (new Error("", "(unknown module)"))
1615814005297	Marionette	INFO	Listening on port 53207
1615814005772	Marionette	WARN	TLS certificate errors will be ignored for this session
JavaScript error: resource://gre/actors/PictureInPictureChild.jsm, line 453: TypeError: this.contentWindow is null
JavaScript error: resource://gre/actors/PictureInPictureChild.jsm, line 569: TypeError: this.contentWindow is null
IPDL protocol error: Handler returned error code!

###!!! [Parent][DispatchAsyncMessage] Error: PMessagePort::Msg_PostMessages Processing error: message was deserialized, but the handler returned false (indicating failure)

1615814020701	Marionette	INFO	Stopped listening on port 53207
JavaScript error: resource://gre/actors/PictureInPictureChild.jsm, line 299: InvalidStateError: JSWindowActorChild.contentWindow getter: Cannot access property 'contentWindow' after actor 'PictureInPictureToggle' has been destroyed
JavaScript error: resource://gre/actors/PictureInPictureChild.jsm, line 299: InvalidStateError: JSWindowActorChild.contentWindow getter: Cannot access property 'contentWindow' after actor 'PictureInPictureToggle' has been destroyed
JavaScript error: resource://gre/actors/PictureInPictureChild.jsm, line 299: InvalidStateError: JSWindowActorChild.contentWindow getter: Cannot access property 'contentWindow' after actor 'PictureInPictureToggle' has been destroyed

###!!! [Child][RunMessage] Error: Channel closing: too late to send/recv, messages will be lost

1615814048710	geckodriver	INFO	Listening on 127.0.0.1:53286
1615814087348	mozrunner::runner	INFO	Running command: "C:\\Program Files\\Mozilla Firefox\\firefox.exe" "--marionette" "-foreground" "-no-remote" "-profile" "C:\\Users\\Diego\\AppData\\Local\\Temp\\rust_mozprofilevwE6Zg"
console.warn: SearchSettings: "get: No settings file exists, new profile?" (new Error("", "(unknown module)"))
1615814089731	Marionette	INFO	Listening on port 53307
1615814089976	Marionette	WARN	TLS certificate errors will be ignored for this session
JavaScript error: resource://gre/actors/PictureInPictureChild.jsm, line 569: TypeError: this.contentWindow is null
JavaScript error: resource://gre/actors/PictureInPictureChild.jsm, line 225: InvalidStateError: JSWindowActorChild.document getter: Cannot access property 'document' after actor 'PictureInPictureToggle' has been destroyed
IPDL protocol error: Handler returned error code!

###!!! [Parent][DispatchAsyncMessage] Error: PMessagePort::Msg_PostMessages Processing error: message was deserialized, but the handler returned false (indicating failure)

1615814109120	Marionette	INFO	Stopped listening on port 53307
JavaScript error: resource://gre/actors/PictureInPictureChild.jsm, line 299: InvalidStateError: JSWindowActorChild.contentWindow getter: Cannot access property 'contentWindow' after actor 'PictureInPictureToggle' has been destroyed
JavaScript error: resource://gre/actors/PictureInPictureChild.jsm, line 299: InvalidStateError: JSWindowActorChild.contentWindow getter: Cannot access property 'contentWindow' after actor 'PictureInPictureToggle' has been destroyed
JavaScript error: resource://gre/actors/PictureInPictureChild.jsm, line 299: InvalidStateError: JSWindowActorChild.contentWindow getter: Cannot access property 'contentWindow' after actor 'PictureInPictureToggle' has been destroyed

###!!! [Child][RunMessage] Error: Channel closing: too late to send/recv, messages will be lost

1615814205303	geckodriver	INFO	Listening on 127.0.0.1:53395
1615814243984	mozrunner::runner	INFO	Running command: "C:\\Program Files\\Mozilla Firefox\\firefox.exe" "--marionette" "-foreground" "-no-remote" "-profile" "C:\\Users\\Diego\\AppData\\Local\\Temp\\rust_mozprofileXJ3ygy"
console.warn: SearchSettings: "get: No settings file exists, new profile?" (new Error("", "(unknown module)"))
1615814246363	Marionette	INFO	Listening on port 53404
1615814246612	Marionette	WARN	TLS certificate errors will be ignored for this session
JavaScript error: resource://gre/actors/PictureInPictureChild.jsm, line 569: TypeError: this.contentWindow is null
JavaScript error: resource://gre/actors/PictureInPictureChild.jsm, line 225: InvalidStateError: JSWindowActorChild.document getter: Cannot access property 'document' after actor 'PictureInPictureToggle' has been destroyed
IPDL protocol error: Handler returned error code!

###!!! [Parent][DispatchAsyncMessage] Error: PMessagePort::Msg_PostMessages Processing error: message was deserialized, but the handler returned false (indicating failure)

1615814260200	Marionette	INFO	Stopped listening on port 53404
JavaScript error: chrome://global/content/elements/browser-custom-element.js, line 1681: NotFoundError: No such JSWindowActor 'MarionetteEvents'
JavaScript error: resource://gre/actors/PictureInPictureChild.jsm, line 299: InvalidStateError: JSWindowActorChild.contentWindow getter: Cannot access property 'contentWindow' after actor 'PictureInPictureToggle' has been destroyed
JavaScript error: resource://gre/actors/PictureInPictureChild.jsm, line 299: InvalidStateError: JSWindowActorChild.contentWindow getter: Cannot access property 'contentWindow' after actor 'PictureInPictureToggle' has been destroyed
JavaScript error: resource://gre/actors/PictureInPictureChild.jsm, line 299: InvalidStateError: JSWindowActorChild.contentWindow getter: Cannot access property 'contentWindow' after actor 'PictureInPictureToggle' has been destroyed

###!!! [Child][RunMessage] Error: Channel closing: too late to send/recv, messages will be lost

1615814273831	geckodriver	INFO	Listening on 127.0.0.1:53477
1615814311888	mozrunner::runner	INFO	Running command: "C:\\Program Files\\Mozilla Firefox\\firefox.exe" "--marionette" "-foreground" "-no-remote" "-profile" "C:\\Users\\Diego\\AppData\\Local\\Temp\\rust_mozprofileGE1Mae"
console.warn: SearchSettings: "get: No settings file exists, new profile?" (new Error("", "(unknown module)"))
1615814314136	Marionette	INFO	Listening on port 53486
1615814314515	Marionette	WARN	TLS certificate errors will be ignored for this session
JavaScript error: resource://gre/actors/PictureInPictureChild.jsm, line 569: TypeError: this.contentWindow is null
JavaScript error: resource://gre/actors/PictureInPictureChild.jsm, line 225: InvalidStateError: JSWindowActorChild.document getter: Cannot access property 'document' after actor 'PictureInPictureToggle' has been destroyed
1615814330854	Marionette	INFO	Stopped listening on port 53486
JavaScript error: resource://gre/actors/PictureInPictureChild.jsm, line 299: InvalidStateError: JSWindowActorChild.contentWindow getter: Cannot access property 'contentWindow' after actor 'PictureInPictureToggle' has been destroyed
JavaScript error: resource://gre/actors/PictureInPictureChild.jsm, line 299: InvalidStateError: JSWindowActorChild.contentWindow getter: Cannot access property 'contentWindow' after actor 'PictureInPictureToggle' has been destroyed
JavaScript error: resource://gre/actors/PictureInPictureChild.jsm, line 299: InvalidStateError: JSWindowActorChild.contentWindow getter: Cannot access property 'contentWindow' after actor 'PictureInPictureToggle' has been destroyed

###!!! [Child][RunMessage] Error: Channel closing: too late to send/recv, messages will be lost

1615814347706	geckodriver	INFO	Listening on 127.0.0.1:53548
1615814386977	mozrunner::runner	INFO	Running command: "C:\\Program Files\\Mozilla Firefox\\firefox.exe" "--marionette" "-foreground" "-no-remote" "-profile" "C:\\Users\\Diego\\AppData\\Local\\Temp\\rust_mozprofilegKzCMt"
console.warn: SearchSettings: "get: No settings file exists, new profile?" (new Error("", "(unknown module)"))
1615814389179	Marionette	INFO	Listening on port 53584
1615814389605	Marionette	WARN	TLS certificate errors will be ignored for this session
JavaScript error: resource://gre/actors/PictureInPictureChild.jsm, line 569: TypeError: this.contentWindow is null
JavaScript error: resource://gre/actors/PictureInPictureChild.jsm, line 225: InvalidStateError: JSWindowActorChild.document getter: Cannot access property 'document' after actor 'PictureInPictureToggle' has been destroyed
IPDL protocol error: Handler returned error code!

###!!! [Parent][DispatchAsyncMessage] Error: PMessagePort::Msg_PostMessages Processing error: message was deserialized, but the handler returned false (indicating failure)

1615814403526	Marionette	INFO	Stopped listening on port 53584
JavaScript error: resource://gre/actors/PictureInPictureChild.jsm, line 299: InvalidStateError: JSWindowActorChild.contentWindow getter: Cannot access property 'contentWindow' after actor 'PictureInPictureToggle' has been destroyed
JavaScript error: resource://gre/actors/PictureInPictureChild.jsm, line 299: InvalidStateError: JSWindowActorChild.contentWindow getter: Cannot access property 'contentWindow' after actor 'PictureInPictureToggle' has been destroyed
JavaScript error: resource://gre/actors/PictureInPictureChild.jsm, line 299: InvalidStateError: JSWindowActorChild.contentWindow getter: Cannot access property 'contentWindow' after actor 'PictureInPictureToggle' has been destroyed

###!!! [Child][RunMessage] Error: Channel closing: too late to send/recv, messages will be lost

1615814511460	geckodriver	INFO	Listening on 127.0.0.1:53667
1615814551329	mozrunner::runner	INFO	Running command: "C:\\Program Files\\Mozilla Firefox\\firefox.exe" "--marionette" "-foreground" "-no-remote" "-profile" "C:\\Users\\Diego\\AppData\\Local\\Temp\\rust_mozprofiledg47T0"
console.warn: SearchSettings: "get: No settings file exists, new profile?" (new Error("", "(unknown module)"))
1615814553679	Marionette	INFO	Listening on port 53728
1615814553956	Marionette	WARN	TLS certificate errors will be ignored for this session
1615814598262	Marionette	INFO	Stopped listening on port 53728

###!!! [Child][RunMessage] Error: Channel closing: too late to send/recv, messages will be lost

1615814605408	geckodriver	INFO	Listening on 127.0.0.1:53820
1615814645481	mozrunner::runner	INFO	Running command: "C:\\Program Files\\Mozilla Firefox\\firefox.exe" "--marionette" "-foreground" "-no-remote" "-profile" "C:\\Users\\Diego\\AppData\\Local\\Temp\\rust_mozprofileZSOWZc"
console.warn: SearchSettings: "get: No settings file exists, new profile?" (new Error("", "(unknown module)"))
1615814650447	Marionette	INFO	Listening on port 53855
1615814650742	Marionette	WARN	TLS certificate errors will be ignored for this session
JavaScript error: resource://activity-stream/lib/ASRouter.jsm, line 988: NS_ERROR_ILLEGAL_VALUE: Component returned failure code: 0x80070057 (NS_ERROR_ILLEGAL_VALUE) [nsIObserverService.removeObserver]
1615814691142	Marionette	INFO	Stopped listening on port 53855

###!!! [Child][RunMessage] Error: Channel closing: too late to send/recv, messages will be lost

1615814708425	geckodriver	INFO	Listening on 127.0.0.1:53956
1615814747593	mozrunner::runner	INFO	Running command: "C:\\Program Files\\Mozilla Firefox\\firefox.exe" "--marionette" "-foreground" "-no-remote" "-profile" "C:\\Users\\Diego\\AppData\\Local\\Temp\\rust_mozprofilecVhUXN"
console.warn: SearchSettings: "get: No settings file exists, new profile?" (new Error("", "(unknown module)"))
1615814750017	Marionette	INFO	Listening on port 53986
1615814750219	Marionette	WARN	TLS certificate errors will be ignored for this session
JavaScript error: resource://gre/actors/PictureInPictureChild.jsm, line 569: TypeError: this.contentWindow is null
JavaScript error: resource://gre/actors/PictureInPictureChild.jsm, line 225: InvalidStateError: JSWindowActorChild.document getter: Cannot access property 'document' after actor 'PictureInPictureToggle' has been destroyed
1615814764225	Marionette	INFO	Stopped listening on port 53986
JavaScript error: resource://gre/actors/PictureInPictureChild.jsm, line 299: InvalidStateError: JSWindowActorChild.contentWindow getter: Cannot access property 'contentWindow' after actor 'PictureInPictureToggle' has been destroyed
JavaScript error: resource://gre/actors/PictureInPictureChild.jsm, line 299: InvalidStateError: JSWindowActorChild.contentWindow getter: Cannot access property 'contentWindow' after actor 'PictureInPictureToggle' has been destroyed
JavaScript error: resource://gre/actors/PictureInPictureChild.jsm, line 299: InvalidStateError: JSWindowActorChild.contentWindow getter: Cannot access property 'contentWindow' after actor 'PictureInPictureToggle' has been destroyed

###!!! [Child][RunMessage] Error: Channel closing: too late to send/recv, messages will be lost

